2021-05-27 11:05:33,717  INFO [main] LandingPageTest:32 - ****************************** Starting test cases execution  *****************************************
2021-05-27 11:05:33,734  INFO [main] LandingPageTest:33 - launching chrome broswer
2021-05-27 11:05:57,339  INFO [main] LandingPageTest:41 - ****************************** starting test case *****************************************
2021-05-27 11:05:57,349  INFO [main] LandingPageTest:42 - ****************************** ValidatingfreeCrmTitleTest *****************************************
2021-05-27 11:05:57,387  INFO [main] LandingPageTest:46 - ****************************** ending test case *****************************************
2021-05-27 11:05:57,387  INFO [main] LandingPageTest:47 - ****************************** freeCrmTitleTest *****************************************
2021-05-27 11:05:57,652  INFO [main] LandingPageTest:65 - ****************************** Browser is closed *****************************************
2021-05-27 11:05:57,662  INFO [main] LandingPageTest:32 - ****************************** Starting test cases execution  *****************************************
2021-05-27 11:05:57,662  INFO [main] LandingPageTest:33 - launching chrome broswer
2021-05-27 11:07:38,568  INFO [main] LandingPageTest:32 - ****************************** Starting test cases execution  *****************************************
2021-05-27 11:07:38,629  INFO [main] LandingPageTest:33 - launching chrome broswer
2021-05-27 11:07:55,394  INFO [main] LandingPageTest:41 - ****************************** starting test case *****************************************
2021-05-27 11:07:55,394  INFO [main] LandingPageTest:42 - ****************************** ValidatingfreeCrmTitleTest *****************************************
2021-05-27 11:07:55,514  INFO [main] LandingPageTest:46 - ****************************** ending test case *****************************************
2021-05-27 11:07:55,514  INFO [main] LandingPageTest:47 - ****************************** freeCrmTitleTest *****************************************
2021-05-27 11:07:56,569  INFO [main] LandingPageTest:65 - ****************************** Browser is closed *****************************************
2021-05-27 11:07:56,584  INFO [main] LandingPageTest:32 - ****************************** Starting test cases execution  *****************************************
2021-05-27 11:07:56,585  INFO [main] LandingPageTest:33 - launching chrome broswer
2021-05-27 11:08:09,978  INFO [main] LandingPageTest:53 - ****************************** starting second test case *****************************************
2021-05-27 11:08:09,978  INFO [main] LandingPageTest:54 - ****************************** VClicking on Login Button *****************************************
2021-05-27 11:08:14,399  INFO [main] LandingPageTest:56 - ****************************** ending test case *****************************************
2021-05-27 11:08:14,399  INFO [main] LandingPageTest:57 - ****************************** freeCrmTitleTest *****************************************
2021-05-27 11:08:14,775  INFO [main] LandingPageTest:65 - ****************************** Browser is closed *****************************************
